{"C:\\Users\\Ariel\\Documents\\Lukin\\Backend\\src\\config\\nodemailer.ts": {"path":"C:\\Users\\Ariel\\Documents\\Lukin\\Backend\\src\\config\\nodemailer.ts","statementMap":{"0":{"start":{"line":1,"column":0},"end":{"line":1,"column":36}},"1":{"start":{"line":2,"column":0},"end":{"line":2,"column":28}},"2":{"start":{"line":3,"column":0},"end":{"line":3,"column":31}},"3":{"start":{"line":5,"column":15},"end":{"line":14,"column":1}},"4":{"start":{"line":6,"column":2},"end":{"line":13,"column":4}},"5":{"start":{"line":16,"column":13},"end":{"line":16,"column":62}}},"fnMap":{"0":{"name":"(anonymous_1)","decl":{"start":{"line":5,"column":15},"end":{"line":5,"column":18}},"loc":{"start":{"line":5,"column":20},"end":{"line":14,"column":1}}}},"branchMap":{},"s":{"0":1,"1":1,"2":1,"3":1,"4":1,"5":1},"f":{"0":1},"b":{}}
,"C:\\Users\\Ariel\\Documents\\Lukin\\Backend\\src\\controllers\\AuthController.ts": {"path":"C:\\Users\\Ariel\\Documents\\Lukin\\Backend\\src\\controllers\\AuthController.ts","statementMap":{"0":{"start":{"line":2,"column":0},"end":{"line":2,"column":40}},"1":{"start":{"line":3,"column":0},"end":{"line":3,"column":66}},"2":{"start":{"line":4,"column":0},"end":{"line":4,"column":48}},"3":{"start":{"line":5,"column":0},"end":{"line":5,"column":51}},"4":{"start":{"line":6,"column":0},"end":{"line":6,"column":44}},"5":{"start":{"line":9,"column":23},"end":{"line":37,"column":3}},"6":{"start":{"line":10,"column":33},"end":{"line":10,"column":41}},"7":{"start":{"line":11,"column":26},"end":{"line":15,"column":6}},"8":{"start":{"line":16,"column":4},"end":{"line":19,"column":5}},"9":{"start":{"line":17,"column":20},"end":{"line":17,"column":68}},"10":{"start":{"line":18,"column":6},"end":{"line":18,"column":60}},"11":{"start":{"line":21,"column":4},"end":{"line":36,"column":5}},"12":{"start":{"line":22,"column":22},"end":{"line":22,"column":52}},"13":{"start":{"line":23,"column":6},"end":{"line":23,"column":54}},"14":{"start":{"line":24,"column":6},"end":{"line":24,"column":37}},"15":{"start":{"line":25,"column":6},"end":{"line":25,"column":27}},"16":{"start":{"line":27,"column":6},"end":{"line":31,"column":9}},"17":{"start":{"line":33,"column":6},"end":{"line":33,"column":58}},"18":{"start":{"line":35,"column":6},"end":{"line":35,"column":55}},"19":{"start":{"line":39,"column":27},"end":{"line":56,"column":3}},"20":{"start":{"line":40,"column":22},"end":{"line":40,"column":30}},"21":{"start":{"line":42,"column":20},"end":{"line":44,"column":6}},"22":{"start":{"line":46,"column":4},"end":{"line":49,"column":5}},"23":{"start":{"line":47,"column":20},"end":{"line":47,"column":55}},"24":{"start":{"line":48,"column":6},"end":{"line":48,"column":60}},"25":{"start":{"line":51,"column":4},"end":{"line":51,"column":30}},"26":{"start":{"line":52,"column":4},"end":{"line":52,"column":25}},"27":{"start":{"line":53,"column":4},"end":{"line":53,"column":25}},"28":{"start":{"line":55,"column":4},"end":{"line":55,"column":48}},"29":{"start":{"line":58,"column":25},"end":{"line":89,"column":3}},"30":{"start":{"line":59,"column":33},"end":{"line":59,"column":41}},"31":{"start":{"line":61,"column":20},"end":{"line":65,"column":6}},"32":{"start":{"line":67,"column":4},"end":{"line":70,"column":5}},"33":{"start":{"line":68,"column":20},"end":{"line":68,"column":54}},"34":{"start":{"line":69,"column":6},"end":{"line":69,"column":60}},"35":{"start":{"line":72,"column":4},"end":{"line":75,"column":5}},"36":{"start":{"line":73,"column":20},"end":{"line":73,"column":53}},"37":{"start":{"line":74,"column":6},"end":{"line":74,"column":60}},"38":{"start":{"line":77,"column":31},"end":{"line":79,"column":null}},"39":{"start":{"line":82,"column":4},"end":{"line":85,"column":5}},"40":{"start":{"line":83,"column":20},"end":{"line":83,"column":54}},"41":{"start":{"line":84,"column":6},"end":{"line":84,"column":60}},"42":{"start":{"line":87,"column":18},"end":{"line":87,"column":40}},"43":{"start":{"line":88,"column":4},"end":{"line":88,"column":20}},"44":{"start":{"line":91,"column":32},"end":{"line":115,"column":3}},"45":{"start":{"line":92,"column":23},"end":{"line":92,"column":31}},"46":{"start":{"line":94,"column":20},"end":{"line":98,"column":6}},"47":{"start":{"line":100,"column":4},"end":{"line":103,"column":5}},"48":{"start":{"line":101,"column":20},"end":{"line":101,"column":54}},"49":{"start":{"line":102,"column":6},"end":{"line":102,"column":60}},"50":{"start":{"line":105,"column":4},"end":{"line":105,"column":35}},"51":{"start":{"line":106,"column":4},"end":{"line":106,"column":25}},"52":{"start":{"line":108,"column":4},"end":{"line":112,"column":7}},"53":{"start":{"line":114,"column":4},"end":{"line":114,"column":59}},"54":{"start":{"line":117,"column":24},"end":{"line":130,"column":3}},"55":{"start":{"line":118,"column":22},"end":{"line":118,"column":30}},"56":{"start":{"line":120,"column":24},"end":{"line":122,"column":6}},"57":{"start":{"line":124,"column":4},"end":{"line":127,"column":5}},"58":{"start":{"line":125,"column":20},"end":{"line":125,"column":55}},"59":{"start":{"line":126,"column":6},"end":{"line":126,"column":60}},"60":{"start":{"line":129,"column":4},"end":{"line":129,"column":30}},"61":{"start":{"line":132,"column":36},"end":{"line":150,"column":3}},"62":{"start":{"line":133,"column":22},"end":{"line":133,"column":32}},"63":{"start":{"line":134,"column":25},"end":{"line":134,"column":33}},"64":{"start":{"line":136,"column":20},"end":{"line":138,"column":6}},"65":{"start":{"line":140,"column":4},"end":{"line":143,"column":5}},"66":{"start":{"line":141,"column":20},"end":{"line":141,"column":55}},"67":{"start":{"line":142,"column":6},"end":{"line":142,"column":60}},"68":{"start":{"line":145,"column":4},"end":{"line":145,"column":52}},"69":{"start":{"line":146,"column":4},"end":{"line":146,"column":25}},"70":{"start":{"line":147,"column":4},"end":{"line":147,"column":25}},"71":{"start":{"line":149,"column":4},"end":{"line":149,"column":55}},"72":{"start":{"line":152,"column":19},"end":{"line":154,"column":3}},"73":{"start":{"line":153,"column":4},"end":{"line":153,"column":26}},"74":{"start":{"line":156,"column":30},"end":{"line":175,"column":3}},"75":{"start":{"line":157,"column":41},"end":{"line":157,"column":49}},"76":{"start":{"line":159,"column":20},"end":{"line":159,"column":58}},"77":{"start":{"line":161,"column":31},"end":{"line":163,"column":null}},"78":{"start":{"line":166,"column":4},"end":{"line":169,"column":5}},"79":{"start":{"line":167,"column":20},"end":{"line":167,"column":67}},"80":{"start":{"line":168,"column":6},"end":{"line":168,"column":60}},"81":{"start":{"line":171,"column":4},"end":{"line":171,"column":58}},"82":{"start":{"line":172,"column":4},"end":{"line":172,"column":25}},"83":{"start":{"line":174,"column":4},"end":{"line":174,"column":53}},"84":{"start":{"line":177,"column":29},"end":{"line":193,"column":3}},"85":{"start":{"line":178,"column":25},"end":{"line":178,"column":33}},"86":{"start":{"line":180,"column":20},"end":{"line":180,"column":58}},"87":{"start":{"line":182,"column":31},"end":{"line":184,"column":null}},"88":{"start":{"line":187,"column":4},"end":{"line":190,"column":5}},"89":{"start":{"line":188,"column":20},"end":{"line":188,"column":67}},"90":{"start":{"line":189,"column":6},"end":{"line":189,"column":60}},"91":{"start":{"line":192,"column":4},"end":{"line":192,"column":36}},"92":{"start":{"line":8,"column":0},"end":{"line":8,"column":13}}},"fnMap":{"0":{"name":"(anonymous_1)","decl":{"start":{"line":9,"column":23},"end":{"line":9,"column":28}},"loc":{"start":{"line":9,"column":61},"end":{"line":37,"column":3}}},"1":{"name":"(anonymous_2)","decl":{"start":{"line":39,"column":27},"end":{"line":39,"column":32}},"loc":{"start":{"line":39,"column":65},"end":{"line":56,"column":3}}},"2":{"name":"(anonymous_3)","decl":{"start":{"line":58,"column":25},"end":{"line":58,"column":30}},"loc":{"start":{"line":58,"column":63},"end":{"line":89,"column":3}}},"3":{"name":"(anonymous_4)","decl":{"start":{"line":91,"column":32},"end":{"line":91,"column":37}},"loc":{"start":{"line":91,"column":70},"end":{"line":115,"column":3}}},"4":{"name":"(anonymous_5)","decl":{"start":{"line":117,"column":24},"end":{"line":117,"column":29}},"loc":{"start":{"line":117,"column":62},"end":{"line":130,"column":3}}},"5":{"name":"(anonymous_6)","decl":{"start":{"line":132,"column":36},"end":{"line":132,"column":41}},"loc":{"start":{"line":132,"column":74},"end":{"line":150,"column":3}}},"6":{"name":"(anonymous_7)","decl":{"start":{"line":152,"column":19},"end":{"line":152,"column":24}},"loc":{"start":{"line":152,"column":57},"end":{"line":154,"column":3}}},"7":{"name":"(anonymous_8)","decl":{"start":{"line":156,"column":30},"end":{"line":156,"column":35}},"loc":{"start":{"line":156,"column":68},"end":{"line":175,"column":3}}},"8":{"name":"(anonymous_9)","decl":{"start":{"line":177,"column":29},"end":{"line":177,"column":34}},"loc":{"start":{"line":177,"column":67},"end":{"line":193,"column":3}}}},"branchMap":{"0":{"loc":{"start":{"line":16,"column":4},"end":{"line":19,"column":5}},"type":"if","locations":[{"start":{"line":16,"column":4},"end":{"line":19,"column":5}},{"start":{},"end":{}}]},"1":{"loc":{"start":{"line":46,"column":4},"end":{"line":49,"column":5}},"type":"if","locations":[{"start":{"line":46,"column":4},"end":{"line":49,"column":5}},{"start":{},"end":{}}]},"2":{"loc":{"start":{"line":67,"column":4},"end":{"line":70,"column":5}},"type":"if","locations":[{"start":{"line":67,"column":4},"end":{"line":70,"column":5}},{"start":{},"end":{}}]},"3":{"loc":{"start":{"line":72,"column":4},"end":{"line":75,"column":5}},"type":"if","locations":[{"start":{"line":72,"column":4},"end":{"line":75,"column":5}},{"start":{},"end":{}}]},"4":{"loc":{"start":{"line":82,"column":4},"end":{"line":85,"column":5}},"type":"if","locations":[{"start":{"line":82,"column":4},"end":{"line":85,"column":5}},{"start":{},"end":{}}]},"5":{"loc":{"start":{"line":100,"column":4},"end":{"line":103,"column":5}},"type":"if","locations":[{"start":{"line":100,"column":4},"end":{"line":103,"column":5}},{"start":{},"end":{}}]},"6":{"loc":{"start":{"line":124,"column":4},"end":{"line":127,"column":5}},"type":"if","locations":[{"start":{"line":124,"column":4},"end":{"line":127,"column":5}},{"start":{},"end":{}}]},"7":{"loc":{"start":{"line":140,"column":4},"end":{"line":143,"column":5}},"type":"if","locations":[{"start":{"line":140,"column":4},"end":{"line":143,"column":5}},{"start":{},"end":{}}]},"8":{"loc":{"start":{"line":166,"column":4},"end":{"line":169,"column":5}},"type":"if","locations":[{"start":{"line":166,"column":4},"end":{"line":169,"column":5}},{"start":{},"end":{}}]},"9":{"loc":{"start":{"line":187,"column":4},"end":{"line":190,"column":5}},"type":"if","locations":[{"start":{"line":187,"column":4},"end":{"line":190,"column":5}},{"start":{},"end":{}}]}},"s":{"0":1,"1":1,"2":1,"3":1,"4":1,"5":1,"6":2,"7":2,"8":2,"9":1,"10":1,"11":1,"12":1,"13":1,"14":1,"15":1,"16":1,"17":1,"18":0,"19":1,"20":0,"21":0,"22":0,"23":0,"24":0,"25":0,"26":0,"27":0,"28":0,"29":1,"30":4,"31":4,"32":4,"33":1,"34":1,"35":3,"36":1,"37":1,"38":2,"39":2,"40":1,"41":1,"42":1,"43":1,"44":1,"45":0,"46":0,"47":0,"48":0,"49":0,"50":0,"51":0,"52":0,"53":0,"54":1,"55":0,"56":0,"57":0,"58":0,"59":0,"60":0,"61":1,"62":0,"63":0,"64":0,"65":0,"66":0,"67":0,"68":0,"69":0,"70":0,"71":0,"72":1,"73":0,"74":1,"75":0,"76":0,"77":0,"78":0,"79":0,"80":0,"81":0,"82":0,"83":0,"84":1,"85":0,"86":0,"87":0,"88":0,"89":0,"90":0,"91":0,"92":1},"f":{"0":2,"1":0,"2":4,"3":0,"4":0,"5":0,"6":0,"7":0,"8":0},"b":{"0":[1,1],"1":[0,0],"2":[1,3],"3":[1,2],"4":[1,1],"5":[0,0],"6":[0,0],"7":[0,0],"8":[0,0],"9":[0,0]}}
,"C:\\Users\\Ariel\\Documents\\Lukin\\Backend\\src\\controllers\\GastoController.ts": {"path":"C:\\Users\\Ariel\\Documents\\Lukin\\Backend\\src\\controllers\\GastoController.ts","statementMap":{"0":{"start":{"line":2,"column":0},"end":{"line":2,"column":36}},"1":{"start":{"line":5,"column":17},"end":{"line":14,"column":3}},"2":{"start":{"line":6,"column":4},"end":{"line":13,"column":5}},"3":{"start":{"line":7,"column":20},"end":{"line":7,"column":48}},"4":{"start":{"line":8,"column":6},"end":{"line":8,"column":47}},"5":{"start":{"line":9,"column":6},"end":{"line":9,"column":25}},"6":{"start":{"line":10,"column":6},"end":{"line":10,"column":57}},"7":{"start":{"line":12,"column":6},"end":{"line":12,"column":55}},"8":{"start":{"line":16,"column":24},"end":{"line":18,"column":3}},"9":{"start":{"line":17,"column":4},"end":{"line":17,"column":24}},"10":{"start":{"line":20,"column":23},"end":{"line":23,"column":3}},"11":{"start":{"line":21,"column":4},"end":{"line":21,"column":37}},"12":{"start":{"line":22,"column":4},"end":{"line":22,"column":48}},"13":{"start":{"line":25,"column":25},"end":{"line":28,"column":3}},"14":{"start":{"line":26,"column":4},"end":{"line":26,"column":30}},"15":{"start":{"line":27,"column":4},"end":{"line":27,"column":46}},"16":{"start":{"line":4,"column":0},"end":{"line":4,"column":13}}},"fnMap":{"0":{"name":"(anonymous_1)","decl":{"start":{"line":5,"column":17},"end":{"line":5,"column":22}},"loc":{"start":{"line":5,"column":55},"end":{"line":14,"column":3}}},"1":{"name":"(anonymous_2)","decl":{"start":{"line":16,"column":24},"end":{"line":16,"column":29}},"loc":{"start":{"line":16,"column":62},"end":{"line":18,"column":3}}},"2":{"name":"(anonymous_3)","decl":{"start":{"line":20,"column":23},"end":{"line":20,"column":28}},"loc":{"start":{"line":20,"column":61},"end":{"line":23,"column":3}}},"3":{"name":"(anonymous_4)","decl":{"start":{"line":25,"column":25},"end":{"line":25,"column":30}},"loc":{"start":{"line":25,"column":63},"end":{"line":28,"column":3}}}},"branchMap":{},"s":{"0":1,"1":1,"2":2,"3":2,"4":1,"5":1,"6":1,"7":1,"8":1,"9":1,"10":1,"11":1,"12":1,"13":1,"14":1,"15":1,"16":1},"f":{"0":2,"1":1,"2":1,"3":1},"b":{}}
,"C:\\Users\\Ariel\\Documents\\Lukin\\Backend\\src\\controllers\\PresupuestoController.ts": {"path":"C:\\Users\\Ariel\\Documents\\Lukin\\Backend\\src\\controllers\\PresupuestoController.ts","statementMap":{"0":{"start":{"line":2,"column":0},"end":{"line":2,"column":48}},"1":{"start":{"line":3,"column":0},"end":{"line":3,"column":36}},"2":{"start":{"line":6,"column":17},"end":{"line":15,"column":3}},"3":{"start":{"line":7,"column":4},"end":{"line":14,"column":5}},"4":{"start":{"line":8,"column":26},"end":{"line":8,"column":60}},"5":{"start":{"line":9,"column":6},"end":{"line":9,"column":45}},"6":{"start":{"line":10,"column":6},"end":{"line":10,"column":31}},"7":{"start":{"line":11,"column":6},"end":{"line":11,"column":63}},"8":{"start":{"line":13,"column":6},"end":{"line":13,"column":55}},"9":{"start":{"line":17,"column":19},"end":{"line":29,"column":3}},"10":{"start":{"line":18,"column":4},"end":{"line":28,"column":5}},"11":{"start":{"line":19,"column":27},"end":{"line":24,"column":8}},"12":{"start":{"line":25,"column":6},"end":{"line":25,"column":29}},"13":{"start":{"line":27,"column":6},"end":{"line":27,"column":55}},"14":{"start":{"line":31,"column":24},"end":{"line":36,"column":3}},"15":{"start":{"line":32,"column":24},"end":{"line":34,"column":6}},"16":{"start":{"line":35,"column":4},"end":{"line":35,"column":26}},"17":{"start":{"line":38,"column":23},"end":{"line":41,"column":3}},"18":{"start":{"line":39,"column":4},"end":{"line":39,"column":43}},"19":{"start":{"line":40,"column":4},"end":{"line":40,"column":54}},"20":{"start":{"line":43,"column":25},"end":{"line":46,"column":3}},"21":{"start":{"line":44,"column":4},"end":{"line":44,"column":36}},"22":{"start":{"line":45,"column":4},"end":{"line":45,"column":52}},"23":{"start":{"line":5,"column":0},"end":{"line":5,"column":13}}},"fnMap":{"0":{"name":"(anonymous_1)","decl":{"start":{"line":6,"column":17},"end":{"line":6,"column":22}},"loc":{"start":{"line":6,"column":55},"end":{"line":15,"column":3}}},"1":{"name":"(anonymous_2)","decl":{"start":{"line":17,"column":19},"end":{"line":17,"column":24}},"loc":{"start":{"line":17,"column":57},"end":{"line":29,"column":3}}},"2":{"name":"(anonymous_3)","decl":{"start":{"line":31,"column":24},"end":{"line":31,"column":29}},"loc":{"start":{"line":31,"column":62},"end":{"line":36,"column":3}}},"3":{"name":"(anonymous_4)","decl":{"start":{"line":38,"column":23},"end":{"line":38,"column":28}},"loc":{"start":{"line":38,"column":61},"end":{"line":41,"column":3}}},"4":{"name":"(anonymous_5)","decl":{"start":{"line":43,"column":25},"end":{"line":43,"column":30}},"loc":{"start":{"line":43,"column":63},"end":{"line":46,"column":3}}}},"branchMap":{},"s":{"0":1,"1":1,"2":1,"3":2,"4":2,"5":1,"6":1,"7":1,"8":1,"9":1,"10":4,"11":4,"12":3,"13":1,"14":1,"15":3,"16":3,"17":1,"18":1,"19":1,"20":1,"21":1,"22":1,"23":1},"f":{"0":2,"1":4,"2":3,"3":1,"4":1},"b":{}}
,"C:\\Users\\Ariel\\Documents\\Lukin\\Backend\\src\\correos\\AuthCorreo.ts": {"path":"C:\\Users\\Ariel\\Documents\\Lukin\\Backend\\src\\correos\\AuthCorreo.ts","statementMap":{"0":{"start":{"line":1,"column":0},"end":{"line":1,"column":49}},"1":{"start":{"line":10,"column":30},"end":{"line":23,"column":3}},"2":{"start":{"line":11,"column":19},"end":{"line":21,"column":6}},"3":{"start":{"line":22,"column":4},"end":{"line":22,"column":53}},"4":{"start":{"line":25,"column":32},"end":{"line":38,"column":3}},"5":{"start":{"line":26,"column":19},"end":{"line":36,"column":6}},"6":{"start":{"line":37,"column":4},"end":{"line":37,"column":53}},"7":{"start":{"line":9,"column":0},"end":{"line":9,"column":13}}},"fnMap":{"0":{"name":"(anonymous_0)","decl":{"start":{"line":10,"column":30},"end":{"line":10,"column":35}},"loc":{"start":{"line":10,"column":60},"end":{"line":23,"column":3}}},"1":{"name":"(anonymous_1)","decl":{"start":{"line":25,"column":32},"end":{"line":25,"column":37}},"loc":{"start":{"line":25,"column":62},"end":{"line":38,"column":3}}}},"branchMap":{},"s":{"0":1,"1":1,"2":0,"3":0,"4":1,"5":0,"6":0,"7":1},"f":{"0":0,"1":0},"b":{}}
,"C:\\Users\\Ariel\\Documents\\Lukin\\Backend\\src\\helpers\\auth.ts": {"path":"C:\\Users\\Ariel\\Documents\\Lukin\\Backend\\src\\helpers\\auth.ts","statementMap":{"0":{"start":{"line":1,"column":0},"end":{"line":1,"column":28}},"1":{"start":{"line":3,"column":28},"end":{"line":6,"column":1}},"2":{"start":{"line":4,"column":15},"end":{"line":4,"column":39}},"3":{"start":{"line":5,"column":2},"end":{"line":5,"column":43}},"4":{"start":{"line":3,"column":13},"end":{"line":3,"column":28}},"5":{"start":{"line":8,"column":33},"end":{"line":10,"column":1}},"6":{"start":{"line":9,"column":2},"end":{"line":9,"column":49}},"7":{"start":{"line":8,"column":13},"end":{"line":8,"column":33}}},"fnMap":{"0":{"name":"(anonymous_1)","decl":{"start":{"line":3,"column":28},"end":{"line":3,"column":33}},"loc":{"start":{"line":3,"column":55},"end":{"line":6,"column":1}}},"1":{"name":"(anonymous_2)","decl":{"start":{"line":8,"column":33},"end":{"line":8,"column":38}},"loc":{"start":{"line":8,"column":77},"end":{"line":10,"column":1}}}},"branchMap":{},"s":{"0":1,"1":1,"2":0,"3":0,"4":1,"5":1,"6":0,"7":1},"f":{"0":0,"1":0},"b":{}}
,"C:\\Users\\Ariel\\Documents\\Lukin\\Backend\\src\\helpers\\jwt.ts": {"path":"C:\\Users\\Ariel\\Documents\\Lukin\\Backend\\src\\helpers\\jwt.ts","statementMap":{"0":{"start":{"line":1,"column":0},"end":{"line":1,"column":31}},"1":{"start":{"line":3,"column":26},"end":{"line":8,"column":1}},"2":{"start":{"line":4,"column":16},"end":{"line":6,"column":4}},"3":{"start":{"line":7,"column":2},"end":{"line":7,"column":15}},"4":{"start":{"line":3,"column":13},"end":{"line":3,"column":26}}},"fnMap":{"0":{"name":"(anonymous_1)","decl":{"start":{"line":3,"column":26},"end":{"line":3,"column":27}},"loc":{"start":{"line":3,"column":41},"end":{"line":8,"column":1}}}},"branchMap":{},"s":{"0":1,"1":1,"2":0,"3":0,"4":1},"f":{"0":0},"b":{}}
,"C:\\Users\\Ariel\\Documents\\Lukin\\Backend\\src\\helpers\\token.ts": {"path":"C:\\Users\\Ariel\\Documents\\Lukin\\Backend\\src\\helpers\\token.ts","statementMap":{"0":{"start":{"line":1,"column":28},"end":{"line":2,"column":55}},"1":{"start":{"line":2,"column":2},"end":{"line":2,"column":55}},"2":{"start":{"line":1,"column":13},"end":{"line":1,"column":28}}},"fnMap":{"0":{"name":"(anonymous_0)","decl":{"start":{"line":1,"column":28},"end":{"line":1,"column":31}},"loc":{"start":{"line":2,"column":2},"end":{"line":2,"column":55}}}},"branchMap":{},"s":{"0":1,"1":0,"2":1},"f":{"0":0},"b":{}}
,"C:\\Users\\Ariel\\Documents\\Lukin\\Backend\\src\\middleware\\gasto.ts": {"path":"C:\\Users\\Ariel\\Documents\\Lukin\\Backend\\src\\middleware\\gasto.ts","statementMap":{"0":{"start":{"line":2,"column":0},"end":{"line":2,"column":66}},"1":{"start":{"line":3,"column":0},"end":{"line":3,"column":36}},"2":{"start":{"line":13,"column":30},"end":{"line":32,"column":1}},"3":{"start":{"line":18,"column":2},"end":{"line":23,"column":14}},"4":{"start":{"line":21,"column":23},"end":{"line":21,"column":32}},"5":{"start":{"line":25,"column":16},"end":{"line":25,"column":37}},"6":{"start":{"line":27,"column":2},"end":{"line":29,"column":3}},"7":{"start":{"line":28,"column":4},"end":{"line":28,"column":62}},"8":{"start":{"line":31,"column":2},"end":{"line":31,"column":9}},"9":{"start":{"line":13,"column":13},"end":{"line":13,"column":30}},"10":{"start":{"line":34,"column":38},"end":{"line":51,"column":1}},"11":{"start":{"line":39,"column":2},"end":{"line":50,"column":3}},"12":{"start":{"line":40,"column":24},"end":{"line":40,"column":34}},"13":{"start":{"line":41,"column":18},"end":{"line":41,"column":47}},"14":{"start":{"line":42,"column":4},"end":{"line":45,"column":5}},"15":{"start":{"line":43,"column":20},"end":{"line":43,"column":51}},"16":{"start":{"line":44,"column":6},"end":{"line":44,"column":60}},"17":{"start":{"line":46,"column":4},"end":{"line":46,"column":22}},"18":{"start":{"line":47,"column":4},"end":{"line":47,"column":11}},"19":{"start":{"line":49,"column":4},"end":{"line":49,"column":53}},"20":{"start":{"line":34,"column":13},"end":{"line":34,"column":38}},"21":{"start":{"line":53,"column":35},"end":{"line":70,"column":1}},"22":{"start":{"line":58,"column":2},"end":{"line":61,"column":14}},"23":{"start":{"line":62,"column":2},"end":{"line":67,"column":14}},"24":{"start":{"line":65,"column":23},"end":{"line":65,"column":32}},"25":{"start":{"line":69,"column":2},"end":{"line":69,"column":9}},"26":{"start":{"line":53,"column":13},"end":{"line":53,"column":35}}},"fnMap":{"0":{"name":"(anonymous_1)","decl":{"start":{"line":13,"column":30},"end":{"line":13,"column":35}},"loc":{"start":{"line":17,"column":4},"end":{"line":32,"column":1}}},"1":{"name":"(anonymous_2)","decl":{"start":{"line":21,"column":12},"end":{"line":21,"column":13}},"loc":{"start":{"line":21,"column":23},"end":{"line":21,"column":32}}},"2":{"name":"(anonymous_3)","decl":{"start":{"line":34,"column":38},"end":{"line":34,"column":43}},"loc":{"start":{"line":38,"column":4},"end":{"line":51,"column":1}}},"3":{"name":"(anonymous_4)","decl":{"start":{"line":53,"column":35},"end":{"line":53,"column":40}},"loc":{"start":{"line":57,"column":4},"end":{"line":70,"column":1}}},"4":{"name":"(anonymous_5)","decl":{"start":{"line":65,"column":12},"end":{"line":65,"column":13}},"loc":{"start":{"line":65,"column":23},"end":{"line":65,"column":32}}}},"branchMap":{"0":{"loc":{"start":{"line":27,"column":2},"end":{"line":29,"column":3}},"type":"if","locations":[{"start":{"line":27,"column":2},"end":{"line":29,"column":3}},{"start":{},"end":{}}]},"1":{"loc":{"start":{"line":42,"column":4},"end":{"line":45,"column":5}},"type":"if","locations":[{"start":{"line":42,"column":4},"end":{"line":45,"column":5}},{"start":{},"end":{}}]}},"s":{"0":1,"1":1,"2":1,"3":0,"4":0,"5":0,"6":0,"7":0,"8":0,"9":1,"10":1,"11":3,"12":3,"13":3,"14":2,"15":1,"16":1,"17":1,"18":1,"19":1,"20":1,"21":1,"22":0,"23":0,"24":0,"25":0,"26":1},"f":{"0":0,"1":0,"2":3,"3":0,"4":0},"b":{"0":[0,0],"1":[1,1]}}
,"C:\\Users\\Ariel\\Documents\\Lukin\\Backend\\src\\middleware\\presupuesto.ts": {"path":"C:\\Users\\Ariel\\Documents\\Lukin\\Backend\\src\\middleware\\presupuesto.ts","statementMap":{"0":{"start":{"line":72,"column":0},"end":{"line":72,"column":16}},"1":{"start":{"line":2,"column":0},"end":{"line":2,"column":66}},"2":{"start":{"line":3,"column":0},"end":{"line":3,"column":48}},"3":{"start":{"line":13,"column":36},"end":{"line":32,"column":1}},"4":{"start":{"line":18,"column":2},"end":{"line":23,"column":14}},"5":{"start":{"line":21,"column":23},"end":{"line":21,"column":32}},"6":{"start":{"line":25,"column":16},"end":{"line":25,"column":37}},"7":{"start":{"line":27,"column":2},"end":{"line":29,"column":3}},"8":{"start":{"line":28,"column":4},"end":{"line":28,"column":62}},"9":{"start":{"line":31,"column":2},"end":{"line":31,"column":9}},"10":{"start":{"line":13,"column":13},"end":{"line":13,"column":36}},"11":{"start":{"line":34,"column":44},"end":{"line":51,"column":1}},"12":{"start":{"line":39,"column":2},"end":{"line":50,"column":3}},"13":{"start":{"line":40,"column":30},"end":{"line":40,"column":40}},"14":{"start":{"line":41,"column":24},"end":{"line":41,"column":65}},"15":{"start":{"line":42,"column":4},"end":{"line":45,"column":5}},"16":{"start":{"line":43,"column":20},"end":{"line":43,"column":57}},"17":{"start":{"line":44,"column":6},"end":{"line":44,"column":60}},"18":{"start":{"line":46,"column":4},"end":{"line":46,"column":34}},"19":{"start":{"line":47,"column":4},"end":{"line":47,"column":11}},"20":{"start":{"line":49,"column":4},"end":{"line":49,"column":53}},"21":{"start":{"line":34,"column":13},"end":{"line":34,"column":44}},"22":{"start":{"line":53,"column":41},"end":{"line":70,"column":1}},"23":{"start":{"line":58,"column":2},"end":{"line":61,"column":14}},"24":{"start":{"line":62,"column":2},"end":{"line":67,"column":14}},"25":{"start":{"line":65,"column":23},"end":{"line":65,"column":32}},"26":{"start":{"line":69,"column":2},"end":{"line":69,"column":9}},"27":{"start":{"line":53,"column":13},"end":{"line":53,"column":41}},"28":{"start":{"line":77,"column":2},"end":{"line":80,"column":3}},"29":{"start":{"line":78,"column":18},"end":{"line":78,"column":47}},"30":{"start":{"line":79,"column":4},"end":{"line":79,"column":58}},"31":{"start":{"line":81,"column":2},"end":{"line":81,"column":9}}},"fnMap":{"0":{"name":"(anonymous_1)","decl":{"start":{"line":13,"column":36},"end":{"line":13,"column":41}},"loc":{"start":{"line":17,"column":4},"end":{"line":32,"column":1}}},"1":{"name":"(anonymous_2)","decl":{"start":{"line":21,"column":12},"end":{"line":21,"column":13}},"loc":{"start":{"line":21,"column":23},"end":{"line":21,"column":32}}},"2":{"name":"(anonymous_3)","decl":{"start":{"line":34,"column":44},"end":{"line":34,"column":49}},"loc":{"start":{"line":38,"column":4},"end":{"line":51,"column":1}}},"3":{"name":"(anonymous_4)","decl":{"start":{"line":53,"column":41},"end":{"line":53,"column":46}},"loc":{"start":{"line":57,"column":4},"end":{"line":70,"column":1}}},"4":{"name":"(anonymous_5)","decl":{"start":{"line":65,"column":12},"end":{"line":65,"column":13}},"loc":{"start":{"line":65,"column":23},"end":{"line":65,"column":32}}},"5":{"name":"verificarAcceso","decl":{"start":{"line":72,"column":16},"end":{"line":72,"column":31}},"loc":{"start":{"line":75,"column":20},"end":{"line":82,"column":1}}}},"branchMap":{"0":{"loc":{"start":{"line":27,"column":2},"end":{"line":29,"column":3}},"type":"if","locations":[{"start":{"line":27,"column":2},"end":{"line":29,"column":3}},{"start":{},"end":{}}]},"1":{"loc":{"start":{"line":42,"column":4},"end":{"line":45,"column":5}},"type":"if","locations":[{"start":{"line":42,"column":4},"end":{"line":45,"column":5}},{"start":{},"end":{}}]},"2":{"loc":{"start":{"line":77,"column":2},"end":{"line":80,"column":3}},"type":"if","locations":[{"start":{"line":77,"column":2},"end":{"line":80,"column":3}},{"start":{},"end":{}}]}},"s":{"0":2,"1":2,"2":2,"3":2,"4":0,"5":0,"6":0,"7":0,"8":0,"9":0,"10":2,"11":2,"12":3,"13":3,"14":3,"15":2,"16":1,"17":1,"18":1,"19":1,"20":1,"21":2,"22":2,"23":0,"24":0,"25":0,"26":0,"27":2,"28":3,"29":2,"30":2,"31":1},"f":{"0":0,"1":0,"2":3,"3":0,"4":0,"5":3},"b":{"0":[0,0],"1":[1,1],"2":[2,1]}}
,"C:\\Users\\Ariel\\Documents\\Lukin\\Backend\\src\\models\\Gasto.ts": {"path":"C:\\Users\\Ariel\\Documents\\Lukin\\Backend\\src\\models\\Gasto.ts","statementMap":{"0":{"start":{"line":1,"column":0},"end":{"line":1,"column":null}},"1":{"start":{"line":10,"column":0},"end":{"line":10,"column":40}},"2":{"start":{"line":15,"column":0},"end":{"line":33,"column":null}},"3":{"start":{"line":20,"column":10},"end":{"line":20,"column":null}},"4":{"start":{"line":26,"column":10},"end":{"line":26,"column":null}},"5":{"start":{"line":29,"column":10},"end":{"line":29,"column":null}},"6":{"start":{"line":28,"column":20},"end":{"line":28,"column":31}},"7":{"start":{"line":32,"column":10},"end":{"line":32,"column":null}},"8":{"start":{"line":31,"column":19},"end":{"line":31,"column":30}},"9":{"start":{"line":15,"column":6},"end":{"line":33,"column":null}},"10":{"start":{"line":35,"column":0},"end":{"line":35,"column":21}}},"fnMap":{"0":{"name":"(anonymous_3)","decl":{"start":{"line":28,"column":14},"end":{"line":28,"column":17}},"loc":{"start":{"line":28,"column":20},"end":{"line":28,"column":31}}},"1":{"name":"(anonymous_4)","decl":{"start":{"line":31,"column":13},"end":{"line":31,"column":16}},"loc":{"start":{"line":31,"column":19},"end":{"line":31,"column":30}}}},"branchMap":{"0":{"loc":{"start":{"line":32,"column":23},"end":{"line":32,"column":35}},"type":"cond-expr","locations":[{"start":{"line":32,"column":34},"end":{"line":32,"column":35}},{"start":{"line":32,"column":34},"end":{"line":32,"column":35}}]},"1":{"loc":{"start":{"line":32,"column":23},"end":{"line":32,"column":34}},"type":"binary-expr","locations":[{"start":{"line":32,"column":23},"end":{"line":32,"column":35}},{"start":{"line":32,"column":23},"end":{"line":32,"column":34}}]}},"s":{"0":2,"1":2,"2":2,"3":2,"4":2,"5":2,"6":0,"7":2,"8":0,"9":2,"10":2},"f":{"0":0,"1":0},"b":{"0":[0,2],"1":[2,1]}}
,"C:\\Users\\Ariel\\Documents\\Lukin\\Backend\\src\\models\\Presupuesto.ts": {"path":"C:\\Users\\Ariel\\Documents\\Lukin\\Backend\\src\\models\\Presupuesto.ts","statementMap":{"0":{"start":{"line":1,"column":0},"end":{"line":1,"column":null}},"1":{"start":{"line":11,"column":0},"end":{"line":11,"column":28}},"2":{"start":{"line":12,"column":0},"end":{"line":12,"column":32}},"3":{"start":{"line":17,"column":0},"end":{"line":41,"column":null}},"4":{"start":{"line":22,"column":10},"end":{"line":22,"column":null}},"5":{"start":{"line":28,"column":10},"end":{"line":28,"column":null}},"6":{"start":{"line":34,"column":10},"end":{"line":34,"column":null}},"7":{"start":{"line":30,"column":17},"end":{"line":30,"column":22}},"8":{"start":{"line":37,"column":10},"end":{"line":37,"column":null}},"9":{"start":{"line":36,"column":20},"end":{"line":36,"column":27}},"10":{"start":{"line":40,"column":10},"end":{"line":40,"column":null}},"11":{"start":{"line":39,"column":19},"end":{"line":39,"column":26}},"12":{"start":{"line":17,"column":6},"end":{"line":41,"column":null}},"13":{"start":{"line":43,"column":0},"end":{"line":43,"column":27}}},"fnMap":{"0":{"name":"(anonymous_3)","decl":{"start":{"line":30,"column":11},"end":{"line":30,"column":14}},"loc":{"start":{"line":30,"column":17},"end":{"line":30,"column":22}}},"1":{"name":"(anonymous_4)","decl":{"start":{"line":36,"column":14},"end":{"line":36,"column":17}},"loc":{"start":{"line":36,"column":20},"end":{"line":36,"column":27}}},"2":{"name":"(anonymous_5)","decl":{"start":{"line":39,"column":13},"end":{"line":39,"column":16}},"loc":{"start":{"line":39,"column":19},"end":{"line":39,"column":26}}}},"branchMap":{"0":{"loc":{"start":{"line":40,"column":19},"end":{"line":40,"column":27}},"type":"cond-expr","locations":[{"start":{"line":40,"column":26},"end":{"line":40,"column":27}},{"start":{"line":40,"column":26},"end":{"line":40,"column":27}}]},"1":{"loc":{"start":{"line":40,"column":19},"end":{"line":40,"column":26}},"type":"binary-expr","locations":[{"start":{"line":40,"column":19},"end":{"line":40,"column":27}},{"start":{"line":40,"column":19},"end":{"line":40,"column":26}}]}},"s":{"0":2,"1":2,"2":2,"3":2,"4":2,"5":2,"6":2,"7":0,"8":2,"9":0,"10":2,"11":0,"12":2,"13":2},"f":{"0":0,"1":0,"2":0},"b":{"0":[1,1],"1":[2,2]}}
,"C:\\Users\\Ariel\\Documents\\Lukin\\Backend\\src\\models\\Usuario.ts": {"path":"C:\\Users\\Ariel\\Documents\\Lukin\\Backend\\src\\models\\Usuario.ts","statementMap":{"0":{"start":{"line":1,"column":0},"end":{"line":1,"column":null}},"1":{"start":{"line":11,"column":0},"end":{"line":11,"column":40}},"2":{"start":{"line":16,"column":7},"end":{"line":52,"column":null}},"3":{"start":{"line":16,"column":13},"end":{"line":16,"column":20}},"4":{"start":{"line":21,"column":10},"end":{"line":21,"column":null}},"5":{"start":{"line":27,"column":10},"end":{"line":27,"column":null}},"6":{"start":{"line":34,"column":10},"end":{"line":34,"column":null}},"7":{"start":{"line":39,"column":10},"end":{"line":39,"column":null}},"8":{"start":{"line":45,"column":10},"end":{"line":45,"column":null}},"9":{"start":{"line":51,"column":10},"end":{"line":51,"column":null}},"10":{"start":{"line":47,"column":17},"end":{"line":47,"column":28}},"11":{"start":{"line":16,"column":13},"end":{"line":52,"column":null}},"12":{"start":{"line":54,"column":0},"end":{"line":54,"column":23}}},"fnMap":{"0":{"name":"(anonymous_3)","decl":{"start":{"line":47,"column":11},"end":{"line":47,"column":14}},"loc":{"start":{"line":47,"column":17},"end":{"line":47,"column":28}}}},"branchMap":{},"s":{"0":2,"1":2,"2":2,"3":2,"4":2,"5":2,"6":2,"7":2,"8":2,"9":2,"10":0,"11":2,"12":2},"f":{"0":0},"b":{}}
,"C:\\Users\\Ariel\\Documents\\Lukin\\Backend\\src\\tests\\mocks\\gastos.ts": {"path":"C:\\Users\\Ariel\\Documents\\Lukin\\Backend\\src\\tests\\mocks\\gastos.ts","statementMap":{"0":{"start":{"line":1,"column":13},"end":{"line":26,"column":2}}},"fnMap":{},"branchMap":{},"s":{"0":2},"f":{},"b":{}}
,"C:\\Users\\Ariel\\Documents\\Lukin\\Backend\\src\\tests\\mocks\\presupuestos.ts": {"path":"C:\\Users\\Ariel\\Documents\\Lukin\\Backend\\src\\tests\\mocks\\presupuestos.ts","statementMap":{"0":{"start":{"line":1,"column":13},"end":{"line":71,"column":2}}},"fnMap":{},"branchMap":{},"s":{"0":3},"f":{},"b":{}}
}
