TN:
SF:src\config\nodemailer.ts
FN:5,(anonymous_1)
FNF:1
FNH:1
FNDA:1,(anonymous_1)
DA:1,1
DA:2,1
DA:3,1
DA:5,1
DA:6,1
DA:16,1
LF:6
LH:6
BRF:0
BRH:0
end_of_record
TN:
SF:src\controllers\AuthController.ts
FN:9,(anonymous_1)
FN:39,(anonymous_2)
FN:58,(anonymous_3)
FN:91,(anonymous_4)
FN:117,(anonymous_5)
FN:132,(anonymous_6)
FN:152,(anonymous_7)
FN:156,(anonymous_8)
FN:177,(anonymous_9)
FNF:9
FNH:2
FNDA:2,(anonymous_1)
FNDA:0,(anonymous_2)
FNDA:4,(anonymous_3)
FNDA:0,(anonymous_4)
FNDA:0,(anonymous_5)
FNDA:0,(anonymous_6)
FNDA:0,(anonymous_7)
FNDA:0,(anonymous_8)
FNDA:0,(anonymous_9)
DA:2,1
DA:3,1
DA:4,1
DA:5,1
DA:6,1
DA:8,1
DA:9,1
DA:10,2
DA:11,2
DA:16,2
DA:17,1
DA:18,1
DA:21,1
DA:22,1
DA:23,1
DA:24,1
DA:25,1
DA:27,1
DA:33,1
DA:35,0
DA:39,1
DA:40,0
DA:42,0
DA:46,0
DA:47,0
DA:48,0
DA:51,0
DA:52,0
DA:53,0
DA:55,0
DA:58,1
DA:59,4
DA:61,4
DA:67,4
DA:68,1
DA:69,1
DA:72,3
DA:73,1
DA:74,1
DA:77,2
DA:82,2
DA:83,1
DA:84,1
DA:87,1
DA:88,1
DA:91,1
DA:92,0
DA:94,0
DA:100,0
DA:101,0
DA:102,0
DA:105,0
DA:106,0
DA:108,0
DA:114,0
DA:117,1
DA:118,0
DA:120,0
DA:124,0
DA:125,0
DA:126,0
DA:129,0
DA:132,1
DA:133,0
DA:134,0
DA:136,0
DA:140,0
DA:141,0
DA:142,0
DA:145,0
DA:146,0
DA:147,0
DA:149,0
DA:152,1
DA:153,0
DA:156,1
DA:157,0
DA:159,0
DA:161,0
DA:166,0
DA:167,0
DA:168,0
DA:171,0
DA:172,0
DA:174,0
DA:177,1
DA:178,0
DA:180,0
DA:182,0
DA:187,0
DA:188,0
DA:189,0
DA:192,0
LF:93
LH:41
BRDA:16,0,0,1
BRDA:16,0,1,1
BRDA:46,1,0,0
BRDA:46,1,1,0
BRDA:67,2,0,1
BRDA:67,2,1,3
BRDA:72,3,0,1
BRDA:72,3,1,2
BRDA:82,4,0,1
BRDA:82,4,1,1
BRDA:100,5,0,0
BRDA:100,5,1,0
BRDA:124,6,0,0
BRDA:124,6,1,0
BRDA:140,7,0,0
BRDA:140,7,1,0
BRDA:166,8,0,0
BRDA:166,8,1,0
BRDA:187,9,0,0
BRDA:187,9,1,0
BRF:20
BRH:8
end_of_record
TN:
SF:src\controllers\GastoController.ts
FN:5,(anonymous_1)
FN:16,(anonymous_2)
FN:20,(anonymous_3)
FN:25,(anonymous_4)
FNF:4
FNH:4
FNDA:2,(anonymous_1)
FNDA:1,(anonymous_2)
FNDA:1,(anonymous_3)
FNDA:1,(anonymous_4)
DA:2,1
DA:4,1
DA:5,1
DA:6,2
DA:7,2
DA:8,1
DA:9,1
DA:10,1
DA:12,1
DA:16,1
DA:17,1
DA:20,1
DA:21,1
DA:22,1
DA:25,1
DA:26,1
DA:27,1
LF:17
LH:17
BRF:0
BRH:0
end_of_record
TN:
SF:src\controllers\PresupuestoController.ts
FN:6,(anonymous_1)
FN:17,(anonymous_2)
FN:31,(anonymous_3)
FN:38,(anonymous_4)
FN:43,(anonymous_5)
FNF:5
FNH:5
FNDA:2,(anonymous_1)
FNDA:4,(anonymous_2)
FNDA:3,(anonymous_3)
FNDA:1,(anonymous_4)
FNDA:1,(anonymous_5)
DA:2,1
DA:3,1
DA:5,1
DA:6,1
DA:7,2
DA:8,2
DA:9,1
DA:10,1
DA:11,1
DA:13,1
DA:17,1
DA:18,4
DA:19,4
DA:25,3
DA:27,1
DA:31,1
DA:32,3
DA:35,3
DA:38,1
DA:39,1
DA:40,1
DA:43,1
DA:44,1
DA:45,1
LF:24
LH:24
BRF:0
BRH:0
end_of_record
TN:
SF:src\correos\AuthCorreo.ts
FN:10,(anonymous_0)
FN:25,(anonymous_1)
FNF:2
FNH:0
FNDA:0,(anonymous_0)
FNDA:0,(anonymous_1)
DA:1,1
DA:9,1
DA:10,1
DA:11,0
DA:22,0
DA:25,1
DA:26,0
DA:37,0
LF:8
LH:4
BRF:0
BRH:0
end_of_record
TN:
SF:src\helpers\auth.ts
FN:3,(anonymous_1)
FN:8,(anonymous_2)
FNF:2
FNH:0
FNDA:0,(anonymous_1)
FNDA:0,(anonymous_2)
DA:1,1
DA:3,1
DA:4,0
DA:5,0
DA:8,1
DA:9,0
LF:6
LH:3
BRF:0
BRH:0
end_of_record
TN:
SF:src\helpers\jwt.ts
FN:3,(anonymous_1)
FNF:1
FNH:0
FNDA:0,(anonymous_1)
DA:1,1
DA:3,1
DA:4,0
DA:7,0
LF:4
LH:2
BRF:0
BRH:0
end_of_record
TN:
SF:src\helpers\token.ts
FN:1,(anonymous_0)
FNF:1
FNH:0
FNDA:0,(anonymous_0)
DA:1,1
DA:2,0
LF:2
LH:1
BRF:0
BRH:0
end_of_record
TN:
SF:src\middleware\gasto.ts
FN:13,(anonymous_1)
FN:21,(anonymous_2)
FN:34,(anonymous_3)
FN:53,(anonymous_4)
FN:65,(anonymous_5)
FNF:5
FNH:1
FNDA:0,(anonymous_1)
FNDA:0,(anonymous_2)
FNDA:3,(anonymous_3)
FNDA:0,(anonymous_4)
FNDA:0,(anonymous_5)
DA:2,1
DA:3,1
DA:13,1
DA:18,0
DA:21,0
DA:25,0
DA:27,0
DA:28,0
DA:31,0
DA:34,1
DA:39,3
DA:40,3
DA:41,3
DA:42,2
DA:43,1
DA:44,1
DA:46,1
DA:47,1
DA:49,1
DA:53,1
DA:58,0
DA:62,0
DA:65,0
DA:69,0
LF:24
LH:14
BRDA:27,0,0,0
BRDA:27,0,1,0
BRDA:42,1,0,1
BRDA:42,1,1,1
BRF:4
BRH:2
end_of_record
TN:
SF:src\middleware\presupuesto.ts
FN:13,(anonymous_1)
FN:21,(anonymous_2)
FN:34,(anonymous_3)
FN:53,(anonymous_4)
FN:65,(anonymous_5)
FN:72,verificarAcceso
FNF:6
FNH:2
FNDA:0,(anonymous_1)
FNDA:0,(anonymous_2)
FNDA:3,(anonymous_3)
FNDA:0,(anonymous_4)
FNDA:0,(anonymous_5)
FNDA:3,verificarAcceso
DA:2,2
DA:3,2
DA:13,2
DA:18,0
DA:21,0
DA:25,0
DA:27,0
DA:28,0
DA:31,0
DA:34,2
DA:39,3
DA:40,3
DA:41,3
DA:42,2
DA:43,1
DA:44,1
DA:46,1
DA:47,1
DA:49,1
DA:53,2
DA:58,0
DA:62,0
DA:65,0
DA:69,0
DA:72,2
DA:77,3
DA:78,2
DA:79,2
DA:81,1
LF:29
LH:19
BRDA:27,0,0,0
BRDA:27,0,1,0
BRDA:42,1,0,1
BRDA:42,1,1,1
BRDA:77,2,0,2
BRDA:77,2,1,1
BRF:6
BRH:4
end_of_record
TN:
SF:src\models\Gasto.ts
FN:28,(anonymous_3)
FN:31,(anonymous_4)
FNF:2
FNH:0
FNDA:0,(anonymous_3)
FNDA:0,(anonymous_4)
DA:1,2
DA:10,2
DA:15,2
DA:20,2
DA:26,2
DA:28,0
DA:29,2
DA:31,0
DA:32,2
DA:35,2
LF:10
LH:8
BRDA:32,0,0,0
BRDA:32,0,1,2
BRDA:32,1,0,2
BRDA:32,1,1,1
BRF:4
BRH:3
end_of_record
TN:
SF:src\models\Presupuesto.ts
FN:30,(anonymous_3)
FN:36,(anonymous_4)
FN:39,(anonymous_5)
FNF:3
FNH:0
FNDA:0,(anonymous_3)
FNDA:0,(anonymous_4)
FNDA:0,(anonymous_5)
DA:1,2
DA:11,2
DA:12,2
DA:17,2
DA:22,2
DA:28,2
DA:30,0
DA:34,2
DA:36,0
DA:37,2
DA:39,0
DA:40,2
DA:43,2
LF:13
LH:10
BRDA:40,0,0,1
BRDA:40,0,1,1
BRDA:40,1,0,2
BRDA:40,1,1,2
BRF:4
BRH:4
end_of_record
TN:
SF:src\models\Usuario.ts
FN:47,(anonymous_3)
FNF:1
FNH:0
FNDA:0,(anonymous_3)
DA:1,2
DA:11,2
DA:16,2
DA:21,2
DA:27,2
DA:34,2
DA:39,2
DA:45,2
DA:47,0
DA:51,2
DA:54,2
LF:11
LH:10
BRF:0
BRH:0
end_of_record
TN:
SF:src\tests\mocks\gastos.ts
FNF:0
FNH:0
DA:1,2
LF:1
LH:1
BRF:0
BRH:0
end_of_record
TN:
SF:src\tests\mocks\presupuestos.ts
FNF:0
FNH:0
DA:1,3
LF:1
LH:1
BRF:0
BRH:0
end_of_record
