TN:
SF:src\server.ts
FN:8,conectarDB
FNF:1
FNH:1
FNDA:1,conectarDB
DA:1,1
DA:3,1
DA:4,1
DA:5,1
DA:6,1
DA:8,1
DA:9,1
DA:10,1
DA:11,1
DA:18,1
DA:20,1
DA:22,1
DA:24,1
DA:26,1
DA:27,1
DA:29,1
LF:16
LH:16
BRF:0
BRH:0
end_of_record
TN:
SF:src\config\db.ts
FNF:0
FNH:0
DA:1,1
DA:2,1
DA:3,1
DA:5,1
LF:4
LH:4
BRF:0
BRH:0
end_of_record
TN:
SF:src\config\limiter.ts
FNF:0
FNH:0
DA:1,1
DA:3,1
LF:2
LH:2
BRDA:5,0,0,0
BRDA:5,0,1,1
BRF:2
BRH:1
end_of_record
TN:
SF:src\config\nodemailer.ts
FN:5,(anonymous_1)
FNF:1
FNH:1
FNDA:2,(anonymous_1)
DA:1,2
DA:2,2
DA:3,2
DA:5,2
DA:6,2
DA:16,2
LF:6
LH:6
BRF:0
BRH:0
end_of_record
TN:
SF:src\controllers\AuthController.ts
FN:9,(anonymous_1)
FN:43,(anonymous_2)
FN:62,(anonymous_3)
FN:95,(anonymous_4)
FN:121,(anonymous_5)
FN:136,(anonymous_6)
FN:156,(anonymous_7)
FN:160,(anonymous_8)
FN:181,(anonymous_9)
FNF:9
FNH:3
FNDA:5,(anonymous_1)
FNDA:2,(anonymous_2)
FNDA:14,(anonymous_3)
FNDA:0,(anonymous_4)
FNDA:0,(anonymous_5)
FNDA:0,(anonymous_6)
FNDA:0,(anonymous_7)
FNDA:0,(anonymous_8)
FNDA:0,(anonymous_9)
DA:2,2
DA:3,2
DA:4,2
DA:5,2
DA:6,2
DA:8,2
DA:9,2
DA:10,5
DA:11,5
DA:16,5
DA:17,3
DA:18,3
DA:21,2
DA:22,2
DA:23,2
DA:24,2
DA:25,2
DA:26,2
DA:27,2
DA:29,2
DA:31,2
DA:37,2
DA:39,0
DA:43,2
DA:44,2
DA:46,2
DA:50,2
DA:51,1
DA:52,1
DA:55,1
DA:56,1
DA:57,1
DA:59,1
DA:62,2
DA:63,14
DA:65,14
DA:71,14
DA:72,2
DA:73,2
DA:76,12
DA:77,3
DA:78,3
DA:81,9
DA:86,9
DA:87,2
DA:88,2
DA:91,7
DA:92,7
DA:95,2
DA:96,0
DA:98,0
DA:104,0
DA:105,0
DA:106,0
DA:109,0
DA:110,0
DA:112,0
DA:118,0
DA:121,2
DA:122,0
DA:124,0
DA:128,0
DA:129,0
DA:130,0
DA:133,0
DA:136,2
DA:137,0
DA:138,0
DA:140,0
DA:144,0
DA:145,0
DA:146,0
DA:149,0
DA:150,0
DA:151,0
DA:153,0
DA:156,2
DA:157,0
DA:160,2
DA:161,0
DA:163,0
DA:165,0
DA:170,0
DA:171,0
DA:172,0
DA:175,0
DA:176,0
DA:178,0
DA:181,2
DA:182,0
DA:184,0
DA:186,0
DA:191,0
DA:192,0
DA:193,0
DA:196,0
LF:96
LH:53
BRDA:16,0,0,3
BRDA:16,0,1,2
BRDA:26,1,0,2
BRDA:26,1,1,0
BRDA:50,2,0,1
BRDA:50,2,1,1
BRDA:71,3,0,2
BRDA:71,3,1,12
BRDA:76,4,0,3
BRDA:76,4,1,9
BRDA:86,5,0,2
BRDA:86,5,1,7
BRDA:104,6,0,0
BRDA:104,6,1,0
BRDA:128,7,0,0
BRDA:128,7,1,0
BRDA:144,8,0,0
BRDA:144,8,1,0
BRDA:170,9,0,0
BRDA:170,9,1,0
BRDA:191,10,0,0
BRDA:191,10,1,0
BRF:22
BRH:11
end_of_record
TN:
SF:src\controllers\GastoController.ts
FN:5,(anonymous_1)
FN:16,(anonymous_2)
FN:20,(anonymous_3)
FN:25,(anonymous_4)
FNF:4
FNH:4
FNDA:2,(anonymous_1)
FNDA:1,(anonymous_2)
FNDA:1,(anonymous_3)
FNDA:1,(anonymous_4)
DA:2,2
DA:4,2
DA:5,2
DA:6,2
DA:7,2
DA:8,1
DA:9,1
DA:10,1
DA:12,1
DA:16,2
DA:17,1
DA:20,2
DA:21,1
DA:22,1
DA:25,2
DA:26,1
DA:27,1
LF:17
LH:17
BRF:0
BRH:0
end_of_record
TN:
SF:src\controllers\PresupuestoController.ts
FN:6,(anonymous_1)
FN:17,(anonymous_2)
FN:31,(anonymous_3)
FN:38,(anonymous_4)
FN:43,(anonymous_5)
FNF:5
FNH:5
FNDA:3,(anonymous_1)
FNDA:5,(anonymous_2)
FNDA:4,(anonymous_3)
FNDA:2,(anonymous_4)
FNDA:2,(anonymous_5)
DA:2,2
DA:3,2
DA:5,2
DA:6,2
DA:7,3
DA:8,3
DA:9,2
DA:10,2
DA:11,2
DA:13,1
DA:17,2
DA:18,5
DA:19,5
DA:25,4
DA:27,1
DA:31,2
DA:32,4
DA:35,4
DA:38,2
DA:39,2
DA:40,2
DA:43,2
DA:44,2
DA:45,2
LF:24
LH:24
BRF:0
BRH:0
end_of_record
TN:
SF:src\correos\AuthCorreo.ts
FN:10,(anonymous_0)
FN:25,(anonymous_1)
FNF:2
FNH:1
FNDA:1,(anonymous_0)
FNDA:0,(anonymous_1)
DA:1,2
DA:9,2
DA:10,2
DA:11,1
DA:25,2
DA:26,0
LF:6
LH:5
BRF:0
BRH:0
end_of_record
TN:
SF:src\helpers\auth.ts
FN:3,(anonymous_1)
FN:8,(anonymous_2)
FNF:2
FNH:2
FNDA:1,(anonymous_1)
FNDA:5,(anonymous_2)
DA:1,2
DA:3,2
DA:4,1
DA:5,1
DA:8,2
DA:9,5
LF:6
LH:6
BRF:0
BRH:0
end_of_record
TN:
SF:src\helpers\jwt.ts
FN:3,(anonymous_1)
FNF:1
FNH:1
FNDA:5,(anonymous_1)
DA:1,2
DA:3,2
DA:4,5
DA:7,5
LF:4
LH:4
BRF:0
BRH:0
end_of_record
TN:
SF:src\helpers\token.ts
FN:1,(anonymous_0)
FNF:1
FNH:1
FNDA:1,(anonymous_0)
DA:1,2
DA:2,1
LF:2
LH:2
BRF:0
BRH:0
end_of_record
TN:
SF:src\middleware\auth.ts
FN:13,(anonymous_1)
FNF:1
FNH:1
FNDA:16,(anonymous_1)
DA:2,1
DA:3,1
DA:13,1
DA:18,16
DA:19,16
DA:20,5
DA:21,5
DA:23,11
DA:24,11
DA:25,0
DA:26,0
DA:29,11
DA:30,11
DA:31,10
DA:32,10
DA:35,10
DA:36,10
DA:39,1
LF:18
LH:16
BRDA:19,0,0,5
BRDA:19,0,1,11
BRDA:24,1,0,0
BRDA:24,1,1,11
BRDA:31,2,0,10
BRDA:31,2,1,0
BRDA:31,3,0,10
BRDA:31,3,1,10
BRF:8
BRH:6
end_of_record
TN:
SF:src\middleware\gasto.ts
FN:13,(anonymous_1)
FN:21,(anonymous_2)
FN:34,(anonymous_3)
FN:53,(anonymous_4)
FN:65,(anonymous_5)
FNF:5
FNH:1
FNDA:0,(anonymous_1)
FNDA:0,(anonymous_2)
FNDA:3,(anonymous_3)
FNDA:0,(anonymous_4)
FNDA:0,(anonymous_5)
DA:2,2
DA:3,2
DA:13,2
DA:18,0
DA:21,0
DA:25,0
DA:27,0
DA:28,0
DA:31,0
DA:34,2
DA:39,3
DA:40,3
DA:41,3
DA:42,2
DA:43,1
DA:44,1
DA:46,1
DA:47,1
DA:49,1
DA:53,2
DA:58,0
DA:62,0
DA:65,0
DA:69,0
LF:24
LH:14
BRDA:27,0,0,0
BRDA:27,0,1,0
BRDA:42,1,0,1
BRDA:42,1,1,1
BRF:4
BRH:2
end_of_record
TN:
SF:src\middleware\presupuesto.ts
FN:13,(anonymous_1)
FN:22,(anonymous_2)
FN:36,(anonymous_3)
FN:55,(anonymous_4)
FN:67,(anonymous_5)
FN:74,verificarAcceso
FNF:6
FNH:6
FNDA:7,(anonymous_1)
FNDA:6,(anonymous_2)
FNDA:9,(anonymous_3)
FNDA:4,(anonymous_4)
FNDA:4,(anonymous_5)
FNDA:7,verificarAcceso
DA:2,3
DA:3,3
DA:13,3
DA:18,7
DA:22,6
DA:27,7
DA:29,7
DA:30,1
DA:33,6
DA:36,3
DA:41,9
DA:42,9
DA:43,9
DA:44,8
DA:45,3
DA:46,3
DA:48,5
DA:49,5
DA:51,1
DA:55,3
DA:60,4
DA:64,4
DA:67,4
DA:71,4
DA:74,3
DA:79,7
DA:80,2
DA:81,2
DA:83,5
LF:29
LH:29
BRDA:29,0,0,1
BRDA:29,0,1,6
BRDA:44,1,0,3
BRDA:44,1,1,5
BRDA:79,2,0,2
BRDA:79,2,1,5
BRF:6
BRH:6
end_of_record
TN:
SF:src\middleware\validacion.ts
FN:4,(anonymous_0)
FNF:1
FNH:1
FNDA:25,(anonymous_0)
DA:2,1
DA:4,1
DA:9,25
DA:10,25
DA:11,8
DA:13,17
LF:6
LH:6
BRDA:10,0,0,8
BRDA:10,0,1,17
BRF:2
BRH:2
end_of_record
TN:
SF:src\models\Gasto.ts
FN:28,(anonymous_3)
FN:31,(anonymous_4)
FNF:2
FNH:2
FNDA:2,(anonymous_3)
FNDA:2,(anonymous_4)
DA:1,3
DA:10,3
DA:15,3
DA:20,3
DA:26,3
DA:28,2
DA:29,3
DA:31,2
DA:32,3
DA:35,3
LF:10
LH:10
BRDA:32,0,0,1
BRDA:32,0,1,2
BRDA:32,1,0,3
BRDA:32,1,1,2
BRF:4
BRH:4
end_of_record
TN:
SF:src\models\Presupuesto.ts
FN:30,(anonymous_3)
FN:36,(anonymous_4)
FN:39,(anonymous_5)
FNF:3
FNH:3
FNDA:3,(anonymous_3)
FNDA:2,(anonymous_4)
FNDA:3,(anonymous_5)
DA:1,3
DA:11,3
DA:12,3
DA:17,3
DA:22,3
DA:28,3
DA:30,3
DA:34,3
DA:36,2
DA:37,3
DA:39,3
DA:40,3
DA:43,3
LF:13
LH:13
BRDA:40,0,0,2
BRDA:40,0,1,1
BRDA:40,1,0,3
BRDA:40,1,1,3
BRF:4
BRH:4
end_of_record
TN:
SF:src\models\Usuario.ts
FN:47,(anonymous_3)
FNF:1
FNH:1
FNDA:2,(anonymous_3)
DA:1,3
DA:11,3
DA:16,3
DA:21,3
DA:27,3
DA:34,3
DA:39,3
DA:45,3
DA:47,2
DA:51,3
DA:54,3
LF:11
LH:11
BRF:0
BRH:0
end_of_record
TN:
SF:src\routes\authRouter.ts
FNF:0
FNH:0
DA:1,1
DA:2,1
DA:3,1
DA:4,1
DA:5,1
DA:6,1
DA:8,1
DA:10,1
DA:12,1
DA:25,1
DA:34,1
DA:42,1
DA:49,1
DA:58,1
DA:70,1
DA:72,1
DA:85,1
DA:95,1
LF:18
LH:18
BRF:0
BRH:0
end_of_record
TN:
SF:src\routes\presupuestoRouter.ts
FNF:0
FNH:0
DA:1,1
DA:2,1
DA:3,1
DA:4,1
DA:10,1
DA:11,1
DA:16,1
DA:18,1
DA:20,1
DA:22,1
DA:23,1
DA:24,1
DA:26,1
DA:27,1
DA:30,1
DA:36,1
DA:38,1
DA:40,1
DA:47,1
DA:50,1
DA:56,1
DA:57,1
DA:63,1
DA:65,1
LF:24
LH:24
BRF:0
BRH:0
end_of_record
TN:
SF:src\tests\mocks\gastos.ts
FNF:0
FNH:0
DA:1,2
LF:1
LH:1
BRF:0
BRH:0
end_of_record
TN:
SF:src\tests\mocks\presupuestos.ts
FNF:0
FNH:0
DA:1,3
LF:1
LH:1
BRF:0
BRH:0
end_of_record
